mode: set
github.com/delgoden/wallet/pkg/wallet/service.go:34.78,35.37 1 1
github.com/delgoden/wallet/pkg/wallet/service.go:41.2,49.21 4 1
github.com/delgoden/wallet/pkg/wallet/service.go:35.37,36.29 1 0
github.com/delgoden/wallet/pkg/wallet/service.go:36.29,38.4 1 0
github.com/delgoden/wallet/pkg/wallet/service.go:53.70,54.17 1 1
github.com/delgoden/wallet/pkg/wallet/service.go:58.2,59.33 2 1
github.com/delgoden/wallet/pkg/wallet/service.go:66.2,66.20 1 1
github.com/delgoden/wallet/pkg/wallet/service.go:70.2,71.12 2 1
github.com/delgoden/wallet/pkg/wallet/service.go:54.17,56.3 1 0
github.com/delgoden/wallet/pkg/wallet/service.go:59.33,60.26 1 1
github.com/delgoden/wallet/pkg/wallet/service.go:60.26,62.9 2 1
github.com/delgoden/wallet/pkg/wallet/service.go:66.20,68.3 1 0
github.com/delgoden/wallet/pkg/wallet/service.go:75.116,76.17 1 1
github.com/delgoden/wallet/pkg/wallet/service.go:80.2,81.33 2 1
github.com/delgoden/wallet/pkg/wallet/service.go:88.2,88.20 1 1
github.com/delgoden/wallet/pkg/wallet/service.go:92.2,92.30 1 1
github.com/delgoden/wallet/pkg/wallet/service.go:96.2,107.21 5 1
github.com/delgoden/wallet/pkg/wallet/service.go:76.17,78.3 1 0
github.com/delgoden/wallet/pkg/wallet/service.go:81.33,82.26 1 1
github.com/delgoden/wallet/pkg/wallet/service.go:82.26,84.9 2 1
github.com/delgoden/wallet/pkg/wallet/service.go:88.20,90.3 1 0
github.com/delgoden/wallet/pkg/wallet/service.go:92.30,94.3 1 0
github.com/delgoden/wallet/pkg/wallet/service.go:111.76,113.33 2 1
github.com/delgoden/wallet/pkg/wallet/service.go:120.2,120.20 1 1
github.com/delgoden/wallet/pkg/wallet/service.go:124.2,124.21 1 1
github.com/delgoden/wallet/pkg/wallet/service.go:113.33,114.26 1 1
github.com/delgoden/wallet/pkg/wallet/service.go:114.26,116.9 2 1
github.com/delgoden/wallet/pkg/wallet/service.go:120.20,122.3 1 0
github.com/delgoden/wallet/pkg/wallet/service.go:128.77,130.33 2 1
github.com/delgoden/wallet/pkg/wallet/service.go:137.2,137.20 1 1
github.com/delgoden/wallet/pkg/wallet/service.go:141.2,141.21 1 1
github.com/delgoden/wallet/pkg/wallet/service.go:130.33,131.26 1 1
github.com/delgoden/wallet/pkg/wallet/service.go:131.26,133.9 2 1
github.com/delgoden/wallet/pkg/wallet/service.go:137.20,139.3 1 1
github.com/delgoden/wallet/pkg/wallet/service.go:145.80,147.34 2 1
github.com/delgoden/wallet/pkg/wallet/service.go:154.2,154.21 1 1
github.com/delgoden/wallet/pkg/wallet/service.go:158.2,158.22 1 1
github.com/delgoden/wallet/pkg/wallet/service.go:147.34,148.27 1 1
github.com/delgoden/wallet/pkg/wallet/service.go:148.27,150.9 2 1
github.com/delgoden/wallet/pkg/wallet/service.go:154.21,156.3 1 1
github.com/delgoden/wallet/pkg/wallet/service.go:162.50,164.16 2 1
github.com/delgoden/wallet/pkg/wallet/service.go:168.2,171.16 3 1
github.com/delgoden/wallet/pkg/wallet/service.go:175.2,176.12 2 1
github.com/delgoden/wallet/pkg/wallet/service.go:164.16,166.3 1 1
github.com/delgoden/wallet/pkg/wallet/service.go:171.16,173.3 1 0
github.com/delgoden/wallet/pkg/wallet/service.go:180.68,182.16 2 1
github.com/delgoden/wallet/pkg/wallet/service.go:186.2,187.16 2 1
github.com/delgoden/wallet/pkg/wallet/service.go:191.2,191.27 1 1
github.com/delgoden/wallet/pkg/wallet/service.go:182.16,184.3 1 1
github.com/delgoden/wallet/pkg/wallet/service.go:187.16,189.3 1 0
github.com/delgoden/wallet/pkg/wallet/service.go:195.91,197.16 2 1
github.com/delgoden/wallet/pkg/wallet/service.go:201.2,211.22 4 1
github.com/delgoden/wallet/pkg/wallet/service.go:197.16,199.3 1 1
github.com/delgoden/wallet/pkg/wallet/service.go:215.78,217.16 2 1
github.com/delgoden/wallet/pkg/wallet/service.go:221.2,230.21 4 1
github.com/delgoden/wallet/pkg/wallet/service.go:217.16,219.3 1 1
github.com/delgoden/wallet/pkg/wallet/service.go:236.51,238.16 2 1
github.com/delgoden/wallet/pkg/wallet/service.go:241.2,241.15 1 1
github.com/delgoden/wallet/pkg/wallet/service.go:248.2,248.37 1 1
github.com/delgoden/wallet/pkg/wallet/service.go:256.2,256.12 1 1
github.com/delgoden/wallet/pkg/wallet/service.go:238.16,240.3 1 0
github.com/delgoden/wallet/pkg/wallet/service.go:241.15,243.17 2 1
github.com/delgoden/wallet/pkg/wallet/service.go:243.17,245.4 1 0
github.com/delgoden/wallet/pkg/wallet/service.go:248.37,251.17 3 1
github.com/delgoden/wallet/pkg/wallet/service.go:251.17,253.4 1 0
github.com/delgoden/wallet/pkg/wallet/service.go:259.53,261.16 2 1
github.com/delgoden/wallet/pkg/wallet/service.go:264.2,264.15 1 1
github.com/delgoden/wallet/pkg/wallet/service.go:271.2,273.6 2 1
github.com/delgoden/wallet/pkg/wallet/service.go:292.2,292.12 1 1
github.com/delgoden/wallet/pkg/wallet/service.go:261.16,263.3 1 0
github.com/delgoden/wallet/pkg/wallet/service.go:264.15,266.17 2 1
github.com/delgoden/wallet/pkg/wallet/service.go:266.17,268.4 1 0
github.com/delgoden/wallet/pkg/wallet/service.go:273.6,275.20 2 1
github.com/delgoden/wallet/pkg/wallet/service.go:278.3,278.17 1 1
github.com/delgoden/wallet/pkg/wallet/service.go:281.3,283.17 3 1
github.com/delgoden/wallet/pkg/wallet/service.go:286.3,287.17 2 1
github.com/delgoden/wallet/pkg/wallet/service.go:290.3,290.127 1 1
github.com/delgoden/wallet/pkg/wallet/service.go:275.20,276.9 1 1
github.com/delgoden/wallet/pkg/wallet/service.go:278.17,280.4 1 0
github.com/delgoden/wallet/pkg/wallet/service.go:283.17,285.4 1 0
github.com/delgoden/wallet/pkg/wallet/service.go:287.17,289.4 1 0
